<?xml version="1.0" encoding="UTF-8"?>
<testng-results ignored="0" total="16" passed="15" failed="1" skipped="0">
  <reporter-output>
  </reporter-output>
  <suite started-at="2025-05-03T14:49:54 EET" name="Default suite" finished-at="2025-05-03T14:50:05 EET" duration-ms="10700">
    <groups>
    </groups>
    <test started-at="2025-05-03T14:49:54 EET" name="Default test" finished-at="2025-05-03T14:50:05 EET" duration-ms="10700">
      <class name="AlmosaferRealCaseProject.AlmosaferRealCaseProject.AppTest">
        <test-method is-config="true" signature="setup()[pri:0, instance:AlmosaferRealCaseProject.AlmosaferRealCaseProject.AppTest@64ba3208]" started-at="2025-05-03T14:49:54 EET" name="setup" finished-at="2025-05-03T14:49:56 EET" duration-ms="1943" status="PASS">
          <reporter-output>
          </reporter-output>
        </test-method> <!-- setup -->
        <test-method signature="checkWebsiteLanguage(java.lang.String)[pri:1, instance:AlmosaferRealCaseProject.AlmosaferRealCaseProject.AppTest@64ba3208]" started-at="2025-05-03T14:49:56 EET" name="checkWebsiteLanguage" finished-at="2025-05-03T14:49:56 EET" duration-ms="0" status="FAIL">
          <exception class="org.testng.TestNGException">
            <message>
              <![CDATA[
Cannot inject @Test annotated Method [checkWebsiteLanguage] with [class java.lang.String].
For more information on native dependency injection please refer to https://testng.org/#_dependency_injection]]>
            </message>
            <full-stacktrace>
              <![CDATA[org.testng.TestNGException: 
Cannot inject @Test annotated Method [checkWebsiteLanguage] with [class java.lang.String].
For more information on native dependency injection please refer to https://testng.org/#_dependency_injection
at org.testng.internal.Parameters.checkParameterTypes(Parameters.java:442)
at org.testng.internal.Parameters.createParametersForMethod(Parameters.java:347)
at org.testng.internal.Parameters.createParameters(Parameters.java:699)
at org.testng.internal.Parameters.handleParameters(Parameters.java:885)
at org.testng.internal.Parameters.handleParameters(Parameters.java:734)
at org.testng.internal.invokers.ParameterHandler.handleParameters(ParameterHandler.java:72)
at org.testng.internal.invokers.ParameterHandler.createParameters(ParameterHandler.java:51)
at org.testng.internal.invokers.TestInvoker$MethodInvocationAgent.invoke(TestInvoker.java:949)
at org.testng.internal.invokers.TestInvoker.invokeTestMethods(TestInvoker.java:203)
at org.testng.internal.invokers.TestMethodWorker.invokeTestMethods(TestMethodWorker.java:154)
at org.testng.internal.invokers.TestMethodWorker.run(TestMethodWorker.java:134)
at java.base/java.util.ArrayList.forEach(ArrayList.java:1596)
at org.testng.TestRunner.privateRun(TestRunner.java:741)
at org.testng.TestRunner.run(TestRunner.java:616)
at org.testng.SuiteRunner.runTest(SuiteRunner.java:421)
at org.testng.SuiteRunner.runSequentially(SuiteRunner.java:413)
at org.testng.SuiteRunner.privateRun(SuiteRunner.java:373)
at org.testng.SuiteRunner.run(SuiteRunner.java:312)
at org.testng.SuiteRunnerWorker.runSuite(SuiteRunnerWorker.java:52)
at org.testng.SuiteRunnerWorker.run(SuiteRunnerWorker.java:95)
at org.testng.TestNG.runSuitesSequentially(TestNG.java:1274)
at org.testng.TestNG.runSuitesLocally(TestNG.java:1208)
at org.testng.TestNG.runSuites(TestNG.java:1112)
at org.testng.TestNG.run(TestNG.java:1079)
at org.testng.remote.AbstractRemoteTestNG.run(AbstractRemoteTestNG.java:115)
at org.testng.remote.RemoteTestNG.initAndRun(RemoteTestNG.java:293)
at org.testng.remote.RemoteTestNG.main(RemoteTestNG.java:91)
]]>
            </full-stacktrace>
          </exception> <!-- org.testng.TestNGException -->
          <reporter-output>
          </reporter-output>
        </test-method> <!-- checkWebsiteLanguage -->
        <test-method signature="checkCurrency()[pri:2, instance:AlmosaferRealCaseProject.AlmosaferRealCaseProject.AppTest@64ba3208]" started-at="2025-05-03T14:49:56 EET" name="checkCurrency" finished-at="2025-05-03T14:49:56 EET" duration-ms="23" status="PASS">
          <reporter-output>
          </reporter-output>
        </test-method> <!-- checkCurrency -->
        <test-method signature="checkContactNumber()[pri:3, instance:AlmosaferRealCaseProject.AlmosaferRealCaseProject.AppTest@64ba3208]" started-at="2025-05-03T14:49:56 EET" name="checkContactNumber" finished-at="2025-05-03T14:49:56 EET" duration-ms="20" status="PASS">
          <reporter-output>
          </reporter-output>
        </test-method> <!-- checkContactNumber -->
        <test-method signature="verifyQitafLogoISDisplayed()[pri:4, instance:AlmosaferRealCaseProject.AlmosaferRealCaseProject.AppTest@64ba3208]" started-at="2025-05-03T14:49:56 EET" name="verifyQitafLogoISDisplayed" finished-at="2025-05-03T14:49:56 EET" duration-ms="35" status="PASS">
          <reporter-output>
          </reporter-output>
        </test-method> <!-- verifyQitafLogoISDisplayed -->
        <test-method signature="verifySearchTabIsNotSelectedByDefault()[pri:5, instance:AlmosaferRealCaseProject.AlmosaferRealCaseProject.AppTest@64ba3208]" started-at="2025-05-03T14:49:56 EET" name="verifySearchTabIsNotSelectedByDefault" finished-at="2025-05-03T14:49:58 EET" duration-ms="2027" status="PASS">
          <reporter-output>
          </reporter-output>
        </test-method> <!-- verifySearchTabIsNotSelectedByDefault -->
        <test-method signature="checkFlightDepatureDateTodayPlusOneDay()[pri:6, instance:AlmosaferRealCaseProject.AlmosaferRealCaseProject.AppTest@64ba3208]" started-at="2025-05-03T14:49:58 EET" name="checkFlightDepatureDateTodayPlusOneDay" finished-at="2025-05-03T14:49:58 EET" duration-ms="30" status="PASS">
          <reporter-output>
          </reporter-output>
        </test-method> <!-- checkFlightDepatureDateTodayPlusOneDay -->
        <test-method signature="checkFlightReturnDateTodayPlusTowDays()[pri:7, instance:AlmosaferRealCaseProject.AlmosaferRealCaseProject.AppTest@64ba3208]" started-at="2025-05-03T14:49:58 EET" name="checkFlightReturnDateTodayPlusTowDays" finished-at="2025-05-03T14:49:58 EET" duration-ms="13" status="PASS">
          <reporter-output>
          </reporter-output>
        </test-method> <!-- checkFlightReturnDateTodayPlusTowDays -->
        <test-method signature="randomChangingLanguage()[pri:8, instance:AlmosaferRealCaseProject.AlmosaferRealCaseProject.AppTest@64ba3208]" started-at="2025-05-03T14:49:58 EET" name="randomChangingLanguage" finished-at="2025-05-03T14:49:59 EET" duration-ms="545" status="PASS">
          <reporter-output>
          </reporter-output>
        </test-method> <!-- randomChangingLanguage -->
        <test-method signature="randomChangingLanguage()[pri:8, instance:AlmosaferRealCaseProject.AlmosaferRealCaseProject.AppTest@64ba3208]" started-at="2025-05-03T14:49:59 EET" name="randomChangingLanguage" finished-at="2025-05-03T14:49:59 EET" duration-ms="305" status="PASS">
          <reporter-output>
          </reporter-output>
        </test-method> <!-- randomChangingLanguage -->
        <test-method signature="randomChangingLanguage()[pri:8, instance:AlmosaferRealCaseProject.AlmosaferRealCaseProject.AppTest@64ba3208]" started-at="2025-05-03T14:49:59 EET" name="randomChangingLanguage" finished-at="2025-05-03T14:49:59 EET" duration-ms="337" status="PASS">
          <reporter-output>
          </reporter-output>
        </test-method> <!-- randomChangingLanguage -->
        <test-method signature="randomChangingLanguage()[pri:8, instance:AlmosaferRealCaseProject.AlmosaferRealCaseProject.AppTest@64ba3208]" started-at="2025-05-03T14:49:59 EET" name="randomChangingLanguage" finished-at="2025-05-03T14:50:00 EET" duration-ms="292" status="PASS">
          <reporter-output>
          </reporter-output>
        </test-method> <!-- randomChangingLanguage -->
        <test-method signature="randomChangingLanguage()[pri:8, instance:AlmosaferRealCaseProject.AlmosaferRealCaseProject.AppTest@64ba3208]" started-at="2025-05-03T14:50:00 EET" name="randomChangingLanguage" finished-at="2025-05-03T14:50:00 EET" duration-ms="360" status="PASS">
          <reporter-output>
          </reporter-output>
        </test-method> <!-- randomChangingLanguage -->
        <test-method signature="randomChangingLanguage()[pri:8, instance:AlmosaferRealCaseProject.AlmosaferRealCaseProject.AppTest@64ba3208]" started-at="2025-05-03T14:50:00 EET" name="randomChangingLanguage" finished-at="2025-05-03T14:50:00 EET" duration-ms="460" status="PASS">
          <reporter-output>
          </reporter-output>
        </test-method> <!-- randomChangingLanguage -->
        <test-method signature="randomChangingLanguage()[pri:8, instance:AlmosaferRealCaseProject.AlmosaferRealCaseProject.AppTest@64ba3208]" started-at="2025-05-03T14:50:00 EET" name="randomChangingLanguage" finished-at="2025-05-03T14:50:01 EET" duration-ms="318" status="PASS">
          <reporter-output>
          </reporter-output>
        </test-method> <!-- randomChangingLanguage -->
        <test-method signature="randomChangingLanguage()[pri:8, instance:AlmosaferRealCaseProject.AlmosaferRealCaseProject.AppTest@64ba3208]" started-at="2025-05-03T14:50:01 EET" name="randomChangingLanguage" finished-at="2025-05-03T14:50:01 EET" duration-ms="390" status="PASS">
          <reporter-output>
          </reporter-output>
        </test-method> <!-- randomChangingLanguage -->
        <test-method signature="randomChangingLanguage()[pri:8, instance:AlmosaferRealCaseProject.AlmosaferRealCaseProject.AppTest@64ba3208]" started-at="2025-05-03T14:50:01 EET" name="randomChangingLanguage" finished-at="2025-05-03T14:50:01 EET" duration-ms="363" status="PASS">
          <reporter-output>
          </reporter-output>
        </test-method> <!-- randomChangingLanguage -->
        <test-method is-config="true" signature="endTest()[pri:0, instance:AlmosaferRealCaseProject.AlmosaferRealCaseProject.AppTest@64ba3208]" started-at="2025-05-03T14:50:01 EET" name="endTest" finished-at="2025-05-03T14:50:05 EET" duration-ms="3190" status="PASS">
          <reporter-output>
          </reporter-output>
        </test-method> <!-- endTest -->
      </class> <!-- AlmosaferRealCaseProject.AlmosaferRealCaseProject.AppTest -->
    </test> <!-- Default test -->
  </suite> <!-- Default suite -->
</testng-results>
