<?xml version="1.0" encoding="UTF-8"?>
<testng-results ignored="0" total="6" passed="5" failed="1" skipped="0">
  <reporter-output>
  </reporter-output>
  <suite started-at="٢٠٢٥-٠٥-٠٢T١٨:٢٤:٥٥ EET" name="Default suite" finished-at="٢٠٢٥-٠٥-٠٢T١٨:٢٥:٠٣ EET" duration-ms="8518">
    <groups>
    </groups>
    <test started-at="٢٠٢٥-٠٥-٠٢T١٨:٢٤:٥٥ EET" name="Default test" finished-at="٢٠٢٥-٠٥-٠٢T١٨:٢٥:٠٣ EET" duration-ms="8518">
      <class name="AlmosaferRealCaseProject.AlmosaferRealCaseProject.AppTest">
        <test-method is-config="true" signature="setup()[pri:0, instance:AlmosaferRealCaseProject.AlmosaferRealCaseProject.AppTest@299321e2]" started-at="٢٠٢٥-٠٥-٠٢T١٨:٢٤:٥٥ EET" name="setup" finished-at="٢٠٢٥-٠٥-٠٢T١٨:٢٤:٥٧ EET" duration-ms="2071" status="PASS">
          <reporter-output>
          </reporter-output>
        </test-method> <!-- setup -->
        <test-method signature="checkWebsiteLanguage()[pri:1, instance:AlmosaferRealCaseProject.AlmosaferRealCaseProject.AppTest@299321e2]" started-at="٢٠٢٥-٠٥-٠٢T١٨:٢٤:٥٧ EET" name="checkWebsiteLanguage" finished-at="٢٠٢٥-٠٥-٠٢T١٨:٢٤:٥٧ EET" duration-ms="20" status="PASS">
          <reporter-output>
          </reporter-output>
        </test-method> <!-- checkWebsiteLanguage -->
        <test-method signature="checkCurrency()[pri:2, instance:AlmosaferRealCaseProject.AlmosaferRealCaseProject.AppTest@299321e2]" started-at="٢٠٢٥-٠٥-٠٢T١٨:٢٤:٥٧ EET" name="checkCurrency" finished-at="٢٠٢٥-٠٥-٠٢T١٨:٢٤:٥٧ EET" duration-ms="18" status="PASS">
          <reporter-output>
          </reporter-output>
        </test-method> <!-- checkCurrency -->
        <test-method signature="checkContactNumber()[pri:3, instance:AlmosaferRealCaseProject.AlmosaferRealCaseProject.AppTest@299321e2]" started-at="٢٠٢٥-٠٥-٠٢T١٨:٢٤:٥٧ EET" name="checkContactNumber" finished-at="٢٠٢٥-٠٥-٠٢T١٨:٢٤:٥٧ EET" duration-ms="22" status="PASS">
          <reporter-output>
          </reporter-output>
        </test-method> <!-- checkContactNumber -->
        <test-method signature="verifyQitafLogoISDisplayed()[pri:4, instance:AlmosaferRealCaseProject.AlmosaferRealCaseProject.AppTest@299321e2]" started-at="٢٠٢٥-٠٥-٠٢T١٨:٢٤:٥٧ EET" name="verifyQitafLogoISDisplayed" finished-at="٢٠٢٥-٠٥-٠٢T١٨:٢٤:٥٧ EET" duration-ms="39" status="PASS">
          <reporter-output>
          </reporter-output>
        </test-method> <!-- verifyQitafLogoISDisplayed -->
        <test-method signature="verifySearchTabIsNotSelectedByDefault()[pri:4, instance:AlmosaferRealCaseProject.AlmosaferRealCaseProject.AppTest@299321e2]" started-at="٢٠٢٥-٠٥-٠٢T١٨:٢٤:٥٧ EET" name="verifySearchTabIsNotSelectedByDefault" finished-at="٢٠٢٥-٠٥-٠٢T١٨:٢٤:٥٧ EET" duration-ms="31" status="PASS">
          <reporter-output>
          </reporter-output>
        </test-method> <!-- verifySearchTabIsNotSelectedByDefault -->
        <test-method signature="checkFlightDepatureDateTodayPlusOneDay()[pri:5, instance:AlmosaferRealCaseProject.AlmosaferRealCaseProject.AppTest@299321e2]" started-at="٢٠٢٥-٠٥-٠٢T١٨:٢٤:٥٧ EET" name="checkFlightDepatureDateTodayPlusOneDay" finished-at="٢٠٢٥-٠٥-٠٢T١٨:٢٥:٠٠ EET" duration-ms="3067" status="FAIL">
          <exception class="org.openqa.selenium.NoSuchElementException">
            <message>
              <![CDATA[no such element: Unable to locate element: {"method":"tag name","selector":"uncontrolled-tab-example-tabpane-flights"}
  (Session info: chrome=135.0.7049.116)
For documentation on this error, please visit: https://www.selenium.dev/documentation/webdriver/troubleshooting/errors#no-such-element-exception
Build info: version: '4.31.0', revision: '1ef9f18787*'
System info: os.name: 'Windows 11', os.arch: 'amd64', os.version: '10.0', java.version: '21.0.5'
Driver info: org.openqa.selenium.chrome.ChromeDriver
Command: [3607122b89bb355169fbcc543ce885ac, findElement {using=tag name, value=uncontrolled-tab-example-tabpane-flights}]
Capabilities {acceptInsecureCerts: false, browserName: chrome, browserVersion: 135.0.7049.116, chrome: {chromedriverVersion: 135.0.7049.114 (63fd8a7d9d0..., userDataDir: C:\Users\thoth\AppData\Loca...}, fedcm:accounts: true, goog:chromeOptions: {debuggerAddress: localhost:62684}, networkConnectionEnabled: false, pageLoadStrategy: normal, platformName: windows, proxy: Proxy(), se:cdp: ws://localhost:62684/devtoo..., se:cdpVersion: 135.0.7049.116, setWindowRect: true, strictFileInteractability: false, timeouts: {implicit: 0, pageLoad: 300000, script: 30000}, unhandledPromptBehavior: dismiss and notify, webauthn:extension:credBlob: true, webauthn:extension:largeBlob: true, webauthn:extension:minPinLength: true, webauthn:extension:prf: true, webauthn:virtualAuthenticators: true}
Session ID: 3607122b89bb355169fbcc543ce885ac]]>
            </message>
            <full-stacktrace>
              <![CDATA[org.openqa.selenium.NoSuchElementException: no such element: Unable to locate element: {"method":"tag name","selector":"uncontrolled-tab-example-tabpane-flights"}
  (Session info: chrome=135.0.7049.116)
For documentation on this error, please visit: https://www.selenium.dev/documentation/webdriver/troubleshooting/errors#no-such-element-exception
Build info: version: '4.31.0', revision: '1ef9f18787*'
System info: os.name: 'Windows 11', os.arch: 'amd64', os.version: '10.0', java.version: '21.0.5'
Driver info: org.openqa.selenium.chrome.ChromeDriver
Command: [3607122b89bb355169fbcc543ce885ac, findElement {using=tag name, value=uncontrolled-tab-example-tabpane-flights}]
Capabilities {acceptInsecureCerts: false, browserName: chrome, browserVersion: 135.0.7049.116, chrome: {chromedriverVersion: 135.0.7049.114 (63fd8a7d9d0..., userDataDir: C:\Users\thoth\AppData\Loca...}, fedcm:accounts: true, goog:chromeOptions: {debuggerAddress: localhost:62684}, networkConnectionEnabled: false, pageLoadStrategy: normal, platformName: windows, proxy: Proxy(), se:cdp: ws://localhost:62684/devtoo..., se:cdpVersion: 135.0.7049.116, setWindowRect: true, strictFileInteractability: false, timeouts: {implicit: 0, pageLoad: 300000, script: 30000}, unhandledPromptBehavior: dismiss and notify, webauthn:extension:credBlob: true, webauthn:extension:largeBlob: true, webauthn:extension:minPinLength: true, webauthn:extension:prf: true, webauthn:virtualAuthenticators: true}
Session ID: 3607122b89bb355169fbcc543ce885ac
at java.base/jdk.internal.reflect.DirectConstructorHandleAccessor.newInstance(DirectConstructorHandleAccessor.java:62)
at java.base/java.lang.reflect.Constructor.newInstanceWithCaller(Constructor.java:502)
at java.base/java.lang.reflect.Constructor.newInstance(Constructor.java:486)
at org.openqa.selenium.remote.ErrorCodec.decode(ErrorCodec.java:167)
at org.openqa.selenium.remote.codec.w3c.W3CHttpResponseCodec.decode(W3CHttpResponseCodec.java:138)
at org.openqa.selenium.remote.codec.w3c.W3CHttpResponseCodec.decode(W3CHttpResponseCodec.java:50)
at org.openqa.selenium.remote.HttpCommandExecutor.execute(HttpCommandExecutor.java:215)
at org.openqa.selenium.remote.service.DriverCommandExecutor.invokeExecute(DriverCommandExecutor.java:216)
at org.openqa.selenium.remote.service.DriverCommandExecutor.execute(DriverCommandExecutor.java:174)
at org.openqa.selenium.remote.RemoteWebDriver.execute(RemoteWebDriver.java:545)
at org.openqa.selenium.remote.ElementLocation$ElementFinder$2.findElement(ElementLocation.java:165)
at org.openqa.selenium.remote.ElementLocation.findElement(ElementLocation.java:59)
at org.openqa.selenium.remote.RemoteWebDriver.findElement(RemoteWebDriver.java:368)
at org.openqa.selenium.remote.RemoteWebDriver.findElement(RemoteWebDriver.java:362)
at AlmosaferRealCaseProject.AlmosaferRealCaseProject.AppTest.checkFlightDepatureDateTodayPlusOneDay(AppTest.java:83)
at java.base/jdk.internal.reflect.DirectMethodHandleAccessor.invoke(DirectMethodHandleAccessor.java:103)
at java.base/java.lang.reflect.Method.invoke(Method.java:580)
at org.testng.internal.invokers.MethodInvocationHelper.invokeMethod(MethodInvocationHelper.java:141)
at org.testng.internal.invokers.TestInvoker.invokeMethod(TestInvoker.java:687)
at org.testng.internal.invokers.TestInvoker.invokeTestMethod(TestInvoker.java:230)
at org.testng.internal.invokers.MethodRunner.runInSequence(MethodRunner.java:63)
at org.testng.internal.invokers.TestInvoker$MethodInvocationAgent.invoke(TestInvoker.java:995)
at org.testng.internal.invokers.TestInvoker.invokeTestMethods(TestInvoker.java:203)
at org.testng.internal.invokers.TestMethodWorker.invokeTestMethods(TestMethodWorker.java:154)
at org.testng.internal.invokers.TestMethodWorker.run(TestMethodWorker.java:134)
at java.base/java.util.ArrayList.forEach(ArrayList.java:1596)
at org.testng.TestRunner.privateRun(TestRunner.java:741)
at org.testng.TestRunner.run(TestRunner.java:616)
at org.testng.SuiteRunner.runTest(SuiteRunner.java:421)
at org.testng.SuiteRunner.runSequentially(SuiteRunner.java:413)
at org.testng.SuiteRunner.privateRun(SuiteRunner.java:373)
at org.testng.SuiteRunner.run(SuiteRunner.java:312)
at org.testng.SuiteRunnerWorker.runSuite(SuiteRunnerWorker.java:52)
at org.testng.SuiteRunnerWorker.run(SuiteRunnerWorker.java:95)
at org.testng.TestNG.runSuitesSequentially(TestNG.java:1274)
at org.testng.TestNG.runSuitesLocally(TestNG.java:1208)
at org.testng.TestNG.runSuites(TestNG.java:1112)
at org.testng.TestNG.run(TestNG.java:1079)
at org.testng.remote.AbstractRemoteTestNG.run(AbstractRemoteTestNG.java:115)
at org.testng.remote.RemoteTestNG.initAndRun(RemoteTestNG.java:293)
at org.testng.remote.RemoteTestNG.main(RemoteTestNG.java:91)
]]>
            </full-stacktrace>
          </exception> <!-- org.openqa.selenium.NoSuchElementException -->
          <reporter-output>
          </reporter-output>
        </test-method> <!-- checkFlightDepatureDateTodayPlusOneDay -->
        <test-method is-config="true" signature="endTest()[pri:0, instance:AlmosaferRealCaseProject.AlmosaferRealCaseProject.AppTest@299321e2]" started-at="٢٠٢٥-٠٥-٠٢T١٨:٢٥:٠٠ EET" name="endTest" finished-at="٢٠٢٥-٠٥-٠٢T١٨:٢٥:٠٣ EET" duration-ms="3218" status="PASS">
          <reporter-output>
          </reporter-output>
        </test-method> <!-- endTest -->
      </class> <!-- AlmosaferRealCaseProject.AlmosaferRealCaseProject.AppTest -->
    </test> <!-- Default test -->
  </suite> <!-- Default suite -->
</testng-results>
